ERROR - 2024-03-01 19:18:50 --> mysqli_sql_exception: Table 'varient.ci_sessions' doesn't exist in C:\xampp\htdocs\varient\system\Database\MySQLi\Connection.php:295
Stack trace:
#0 C:\xampp\htdocs\varient\system\Database\MySQLi\Connection.php(295): mysqli->query('SELECT `data`\nF...', 0)
#1 C:\xampp\htdocs\varient\system\Database\BaseConnection.php(692): CodeIgniter\Database\MySQLi\Connection->execute('SELECT `data`\nF...')
#2 C:\xampp\htdocs\varient\system\Database\BaseConnection.php(606): CodeIgniter\Database\BaseConnection->simpleQuery('SELECT `data`\nF...')
#3 C:\xampp\htdocs\varient\system\Database\BaseBuilder.php(1616): CodeIgniter\Database\BaseConnection->query('SELECT `data`\nF...', Array, false)
#4 C:\xampp\htdocs\varient\system\Session\Handlers\DatabaseHandler.php(144): CodeIgniter\Database\BaseBuilder->get()
#5 [internal function]: CodeIgniter\Session\Handlers\DatabaseHandler->read('tmvi8sdfecpj0of...')
#6 C:\xampp\htdocs\varient\system\Session\Session.php(920): session_start()
#7 C:\xampp\htdocs\varient\system\Session\Session.php(250): CodeIgniter\Session\Session->startSession()
#8 C:\xampp\htdocs\varient\system\Config\Services.php(674): CodeIgniter\Session\Session->start()
#9 C:\xampp\htdocs\varient\system\Config\BaseService.php(252): CodeIgniter\Config\Services::session(Object(Config\App), false)
#10 C:\xampp\htdocs\varient\system\Config\BaseService.php(193): CodeIgniter\Config\BaseService::__callStatic('session', Array)
#11 C:\xampp\htdocs\varient\system\Config\Services.php(641): CodeIgniter\Config\BaseService::getSharedInstance('session', NULL)
#12 C:\xampp\htdocs\varient\system\Config\BaseService.php(252): CodeIgniter\Config\Services::session()
#13 C:\xampp\htdocs\varient\app\Config\Globals.php(29): CodeIgniter\Config\BaseService::__callStatic('session', Array)
#14 C:\xampp\htdocs\varient\app\Config\Globals.php(120): Config\Globals::setGlobals()
#15 C:\xampp\htdocs\varient\system\Autoloader\Autoloader.php(312): include_once('C:\\xampp\\htdocs...')
#16 C:\xampp\htdocs\varient\system\Autoloader\Autoloader.php(289): CodeIgniter\Autoloader\Autoloader->includeFile('C:\\xampp\\htdocs...')
#17 C:\xampp\htdocs\varient\system\Autoloader\Autoloader.php(267): CodeIgniter\Autoloader\Autoloader->loadInNamespace('Config\\Globals')
#18 C:\xampp\htdocs\varient\app\Config\Routes.php(7): CodeIgniter\Autoloader\Autoloader->loadClass('Config\\Globals')
#19 C:\xampp\htdocs\varient\system\Router\RouteCollection.php(267): require('C:\\xampp\\htdocs...')
#20 C:\xampp\htdocs\varient\system\CodeIgniter.php(800): CodeIgniter\Router\RouteCollection->loadRoutes()
#21 C:\xampp\htdocs\varient\system\CodeIgniter.php(447): CodeIgniter\CodeIgniter->tryToRouteIt(NULL)
#22 C:\xampp\htdocs\varient\system\CodeIgniter.php(366): CodeIgniter\CodeIgniter->handleRequest(NULL, Object(Config\Cache), false)
#23 C:\xampp\htdocs\varient\index.php(77): CodeIgniter\CodeIgniter->run()
#24 {main}
CRITICAL - 2024-03-01 19:18:50 --> Call to a member function getRow() on bool
in SYSTEMPATH\Session\Handlers\DatabaseHandler.php on line 144.
 1 [internal function]: CodeIgniter\Session\Handlers\DatabaseHandler->read('tmvi8sdfecpj0ofu89nb3gsmu3et0vvb')
 2 SYSTEMPATH\Session\Session.php(920): session_start()
 3 SYSTEMPATH\Session\Session.php(250): CodeIgniter\Session\Session->startSession()
 4 SYSTEMPATH\Config\Services.php(674): CodeIgniter\Session\Session->start()
 5 SYSTEMPATH\Config\BaseService.php(252): CodeIgniter\Config\Services::session(Object(Config\App), false)
 6 SYSTEMPATH\Config\BaseService.php(193): CodeIgniter\Config\BaseService::__callStatic('session', [...])
 7 SYSTEMPATH\Config\Services.php(641): CodeIgniter\Config\BaseService::getSharedInstance('session', null)
 8 SYSTEMPATH\Config\BaseService.php(252): CodeIgniter\Config\Services::session()
 9 APPPATH\Config\Globals.php(29): CodeIgniter\Config\BaseService::__callStatic('session', [])
10 APPPATH\Config\Globals.php(120): Config\Globals::setGlobals()
11 SYSTEMPATH\Autoloader\Autoloader.php(312): include_once('C:\\xampp\\htdocs\\varient\\app\\Config\\Globals.php')
12 SYSTEMPATH\Autoloader\Autoloader.php(289): CodeIgniter\Autoloader\Autoloader->includeFile('C:\\xampp\\htdocs\\varient\\app\\Config\\Globals.php')
13 SYSTEMPATH\Autoloader\Autoloader.php(267): CodeIgniter\Autoloader\Autoloader->loadInNamespace('Config\\Globals')
14 APPPATH\Config\Routes.php(7): CodeIgniter\Autoloader\Autoloader->loadClass('Config\\Globals')
15 SYSTEMPATH\Router\RouteCollection.php(267): require('C:\\xampp\\htdocs\\varient\\app\\Config\\Routes.php')
16 SYSTEMPATH\CodeIgniter.php(800): CodeIgniter\Router\RouteCollection->loadRoutes()
17 SYSTEMPATH\CodeIgniter.php(447): CodeIgniter\CodeIgniter->tryToRouteIt(null)
18 SYSTEMPATH\CodeIgniter.php(366): CodeIgniter\CodeIgniter->handleRequest(null, Object(Config\Cache), false)
19 FCPATH\index.php(77): CodeIgniter\CodeIgniter->run()
ERROR - 2024-03-01 19:18:56 --> mysqli_sql_exception: Table 'varient.ci_sessions' doesn't exist in C:\xampp\htdocs\varient\system\Database\MySQLi\Connection.php:295
Stack trace:
#0 C:\xampp\htdocs\varient\system\Database\MySQLi\Connection.php(295): mysqli->query('SELECT `data`\nF...', 0)
#1 C:\xampp\htdocs\varient\system\Database\BaseConnection.php(692): CodeIgniter\Database\MySQLi\Connection->execute('SELECT `data`\nF...')
#2 C:\xampp\htdocs\varient\system\Database\BaseConnection.php(606): CodeIgniter\Database\BaseConnection->simpleQuery('SELECT `data`\nF...')
#3 C:\xampp\htdocs\varient\system\Database\BaseBuilder.php(1616): CodeIgniter\Database\BaseConnection->query('SELECT `data`\nF...', Array, false)
#4 C:\xampp\htdocs\varient\system\Session\Handlers\DatabaseHandler.php(144): CodeIgniter\Database\BaseBuilder->get()
#5 [internal function]: CodeIgniter\Session\Handlers\DatabaseHandler->read('tmvi8sdfecpj0of...')
#6 C:\xampp\htdocs\varient\system\Session\Session.php(920): session_start()
#7 C:\xampp\htdocs\varient\system\Session\Session.php(250): CodeIgniter\Session\Session->startSession()
#8 C:\xampp\htdocs\varient\system\Config\Services.php(674): CodeIgniter\Session\Session->start()
#9 C:\xampp\htdocs\varient\system\Config\BaseService.php(252): CodeIgniter\Config\Services::session(Object(Config\App), false)
#10 C:\xampp\htdocs\varient\system\Config\BaseService.php(193): CodeIgniter\Config\BaseService::__callStatic('session', Array)
#11 C:\xampp\htdocs\varient\system\Config\Services.php(641): CodeIgniter\Config\BaseService::getSharedInstance('session', NULL)
#12 C:\xampp\htdocs\varient\system\Config\BaseService.php(252): CodeIgniter\Config\Services::session()
#13 C:\xampp\htdocs\varient\app\Config\Globals.php(29): CodeIgniter\Config\BaseService::__callStatic('session', Array)
#14 C:\xampp\htdocs\varient\app\Config\Globals.php(120): Config\Globals::setGlobals()
#15 C:\xampp\htdocs\varient\system\Autoloader\Autoloader.php(312): include_once('C:\\xampp\\htdocs...')
#16 C:\xampp\htdocs\varient\system\Autoloader\Autoloader.php(289): CodeIgniter\Autoloader\Autoloader->includeFile('C:\\xampp\\htdocs...')
#17 C:\xampp\htdocs\varient\system\Autoloader\Autoloader.php(267): CodeIgniter\Autoloader\Autoloader->loadInNamespace('Config\\Globals')
#18 C:\xampp\htdocs\varient\app\Config\Routes.php(7): CodeIgniter\Autoloader\Autoloader->loadClass('Config\\Globals')
#19 C:\xampp\htdocs\varient\system\Router\RouteCollection.php(267): require('C:\\xampp\\htdocs...')
#20 C:\xampp\htdocs\varient\system\CodeIgniter.php(800): CodeIgniter\Router\RouteCollection->loadRoutes()
#21 C:\xampp\htdocs\varient\system\CodeIgniter.php(447): CodeIgniter\CodeIgniter->tryToRouteIt(NULL)
#22 C:\xampp\htdocs\varient\system\CodeIgniter.php(366): CodeIgniter\CodeIgniter->handleRequest(NULL, Object(Config\Cache), false)
#23 C:\xampp\htdocs\varient\index.php(77): CodeIgniter\CodeIgniter->run()
#24 {main}
CRITICAL - 2024-03-01 19:18:56 --> Call to a member function getRow() on bool
in SYSTEMPATH\Session\Handlers\DatabaseHandler.php on line 144.
 1 [internal function]: CodeIgniter\Session\Handlers\DatabaseHandler->read('tmvi8sdfecpj0ofu89nb3gsmu3et0vvb')
 2 SYSTEMPATH\Session\Session.php(920): session_start()
 3 SYSTEMPATH\Session\Session.php(250): CodeIgniter\Session\Session->startSession()
 4 SYSTEMPATH\Config\Services.php(674): CodeIgniter\Session\Session->start()
 5 SYSTEMPATH\Config\BaseService.php(252): CodeIgniter\Config\Services::session(Object(Config\App), false)
 6 SYSTEMPATH\Config\BaseService.php(193): CodeIgniter\Config\BaseService::__callStatic('session', [...])
 7 SYSTEMPATH\Config\Services.php(641): CodeIgniter\Config\BaseService::getSharedInstance('session', null)
 8 SYSTEMPATH\Config\BaseService.php(252): CodeIgniter\Config\Services::session()
 9 APPPATH\Config\Globals.php(29): CodeIgniter\Config\BaseService::__callStatic('session', [])
10 APPPATH\Config\Globals.php(120): Config\Globals::setGlobals()
11 SYSTEMPATH\Autoloader\Autoloader.php(312): include_once('C:\\xampp\\htdocs\\varient\\app\\Config\\Globals.php')
12 SYSTEMPATH\Autoloader\Autoloader.php(289): CodeIgniter\Autoloader\Autoloader->includeFile('C:\\xampp\\htdocs\\varient\\app\\Config\\Globals.php')
13 SYSTEMPATH\Autoloader\Autoloader.php(267): CodeIgniter\Autoloader\Autoloader->loadInNamespace('Config\\Globals')
14 APPPATH\Config\Routes.php(7): CodeIgniter\Autoloader\Autoloader->loadClass('Config\\Globals')
15 SYSTEMPATH\Router\RouteCollection.php(267): require('C:\\xampp\\htdocs\\varient\\app\\Config\\Routes.php')
16 SYSTEMPATH\CodeIgniter.php(800): CodeIgniter\Router\RouteCollection->loadRoutes()
17 SYSTEMPATH\CodeIgniter.php(447): CodeIgniter\CodeIgniter->tryToRouteIt(null)
18 SYSTEMPATH\CodeIgniter.php(366): CodeIgniter\CodeIgniter->handleRequest(null, Object(Config\Cache), false)
19 FCPATH\index.php(77): CodeIgniter\CodeIgniter->run()
ERROR - 2024-03-01 19:18:57 --> mysqli_sql_exception: Table 'varient.ci_sessions' doesn't exist in C:\xampp\htdocs\varient\system\Database\MySQLi\Connection.php:295
Stack trace:
#0 C:\xampp\htdocs\varient\system\Database\MySQLi\Connection.php(295): mysqli->query('SELECT `data`\nF...', 0)
#1 C:\xampp\htdocs\varient\system\Database\BaseConnection.php(692): CodeIgniter\Database\MySQLi\Connection->execute('SELECT `data`\nF...')
#2 C:\xampp\htdocs\varient\system\Database\BaseConnection.php(606): CodeIgniter\Database\BaseConnection->simpleQuery('SELECT `data`\nF...')
#3 C:\xampp\htdocs\varient\system\Database\BaseBuilder.php(1616): CodeIgniter\Database\BaseConnection->query('SELECT `data`\nF...', Array, false)
#4 C:\xampp\htdocs\varient\system\Session\Handlers\DatabaseHandler.php(144): CodeIgniter\Database\BaseBuilder->get()
#5 [internal function]: CodeIgniter\Session\Handlers\DatabaseHandler->read('tmvi8sdfecpj0of...')
#6 C:\xampp\htdocs\varient\system\Session\Session.php(920): session_start()
#7 C:\xampp\htdocs\varient\system\Session\Session.php(250): CodeIgniter\Session\Session->startSession()
#8 C:\xampp\htdocs\varient\system\Config\Services.php(674): CodeIgniter\Session\Session->start()
#9 C:\xampp\htdocs\varient\system\Config\BaseService.php(252): CodeIgniter\Config\Services::session(Object(Config\App), false)
#10 C:\xampp\htdocs\varient\system\Config\BaseService.php(193): CodeIgniter\Config\BaseService::__callStatic('session', Array)
#11 C:\xampp\htdocs\varient\system\Config\Services.php(641): CodeIgniter\Config\BaseService::getSharedInstance('session', NULL)
#12 C:\xampp\htdocs\varient\system\Config\BaseService.php(252): CodeIgniter\Config\Services::session()
#13 C:\xampp\htdocs\varient\app\Config\Globals.php(29): CodeIgniter\Config\BaseService::__callStatic('session', Array)
#14 C:\xampp\htdocs\varient\app\Config\Globals.php(120): Config\Globals::setGlobals()
#15 C:\xampp\htdocs\varient\system\Autoloader\Autoloader.php(312): include_once('C:\\xampp\\htdocs...')
#16 C:\xampp\htdocs\varient\system\Autoloader\Autoloader.php(289): CodeIgniter\Autoloader\Autoloader->includeFile('C:\\xampp\\htdocs...')
#17 C:\xampp\htdocs\varient\system\Autoloader\Autoloader.php(267): CodeIgniter\Autoloader\Autoloader->loadInNamespace('Config\\Globals')
#18 C:\xampp\htdocs\varient\app\Config\Routes.php(7): CodeIgniter\Autoloader\Autoloader->loadClass('Config\\Globals')
#19 C:\xampp\htdocs\varient\system\Router\RouteCollection.php(267): require('C:\\xampp\\htdocs...')
#20 C:\xampp\htdocs\varient\system\CodeIgniter.php(800): CodeIgniter\Router\RouteCollection->loadRoutes()
#21 C:\xampp\htdocs\varient\system\CodeIgniter.php(447): CodeIgniter\CodeIgniter->tryToRouteIt(NULL)
#22 C:\xampp\htdocs\varient\system\CodeIgniter.php(366): CodeIgniter\CodeIgniter->handleRequest(NULL, Object(Config\Cache), false)
#23 C:\xampp\htdocs\varient\index.php(77): CodeIgniter\CodeIgniter->run()
#24 {main}
CRITICAL - 2024-03-01 19:18:57 --> Call to a member function getRow() on bool
in SYSTEMPATH\Session\Handlers\DatabaseHandler.php on line 144.
 1 [internal function]: CodeIgniter\Session\Handlers\DatabaseHandler->read('tmvi8sdfecpj0ofu89nb3gsmu3et0vvb')
 2 SYSTEMPATH\Session\Session.php(920): session_start()
 3 SYSTEMPATH\Session\Session.php(250): CodeIgniter\Session\Session->startSession()
 4 SYSTEMPATH\Config\Services.php(674): CodeIgniter\Session\Session->start()
 5 SYSTEMPATH\Config\BaseService.php(252): CodeIgniter\Config\Services::session(Object(Config\App), false)
 6 SYSTEMPATH\Config\BaseService.php(193): CodeIgniter\Config\BaseService::__callStatic('session', [...])
 7 SYSTEMPATH\Config\Services.php(641): CodeIgniter\Config\BaseService::getSharedInstance('session', null)
 8 SYSTEMPATH\Config\BaseService.php(252): CodeIgniter\Config\Services::session()
 9 APPPATH\Config\Globals.php(29): CodeIgniter\Config\BaseService::__callStatic('session', [])
10 APPPATH\Config\Globals.php(120): Config\Globals::setGlobals()
11 SYSTEMPATH\Autoloader\Autoloader.php(312): include_once('C:\\xampp\\htdocs\\varient\\app\\Config\\Globals.php')
12 SYSTEMPATH\Autoloader\Autoloader.php(289): CodeIgniter\Autoloader\Autoloader->includeFile('C:\\xampp\\htdocs\\varient\\app\\Config\\Globals.php')
13 SYSTEMPATH\Autoloader\Autoloader.php(267): CodeIgniter\Autoloader\Autoloader->loadInNamespace('Config\\Globals')
14 APPPATH\Config\Routes.php(7): CodeIgniter\Autoloader\Autoloader->loadClass('Config\\Globals')
15 SYSTEMPATH\Router\RouteCollection.php(267): require('C:\\xampp\\htdocs\\varient\\app\\Config\\Routes.php')
16 SYSTEMPATH\CodeIgniter.php(800): CodeIgniter\Router\RouteCollection->loadRoutes()
17 SYSTEMPATH\CodeIgniter.php(447): CodeIgniter\CodeIgniter->tryToRouteIt(null)
18 SYSTEMPATH\CodeIgniter.php(366): CodeIgniter\CodeIgniter->handleRequest(null, Object(Config\Cache), false)
19 FCPATH\index.php(77): CodeIgniter\CodeIgniter->run()
ERROR - 2024-03-01 19:18:57 --> mysqli_sql_exception: Table 'varient.ci_sessions' doesn't exist in C:\xampp\htdocs\varient\system\Database\MySQLi\Connection.php:295
Stack trace:
#0 C:\xampp\htdocs\varient\system\Database\MySQLi\Connection.php(295): mysqli->query('SELECT `data`\nF...', 0)
#1 C:\xampp\htdocs\varient\system\Database\BaseConnection.php(692): CodeIgniter\Database\MySQLi\Connection->execute('SELECT `data`\nF...')
#2 C:\xampp\htdocs\varient\system\Database\BaseConnection.php(606): CodeIgniter\Database\BaseConnection->simpleQuery('SELECT `data`\nF...')
#3 C:\xampp\htdocs\varient\system\Database\BaseBuilder.php(1616): CodeIgniter\Database\BaseConnection->query('SELECT `data`\nF...', Array, false)
#4 C:\xampp\htdocs\varient\system\Session\Handlers\DatabaseHandler.php(144): CodeIgniter\Database\BaseBuilder->get()
#5 [internal function]: CodeIgniter\Session\Handlers\DatabaseHandler->read('tmvi8sdfecpj0of...')
#6 C:\xampp\htdocs\varient\system\Session\Session.php(920): session_start()
#7 C:\xampp\htdocs\varient\system\Session\Session.php(250): CodeIgniter\Session\Session->startSession()
#8 C:\xampp\htdocs\varient\system\Config\Services.php(674): CodeIgniter\Session\Session->start()
#9 C:\xampp\htdocs\varient\system\Config\BaseService.php(252): CodeIgniter\Config\Services::session(Object(Config\App), false)
#10 C:\xampp\htdocs\varient\system\Config\BaseService.php(193): CodeIgniter\Config\BaseService::__callStatic('session', Array)
#11 C:\xampp\htdocs\varient\system\Config\Services.php(641): CodeIgniter\Config\BaseService::getSharedInstance('session', NULL)
#12 C:\xampp\htdocs\varient\system\Config\BaseService.php(252): CodeIgniter\Config\Services::session()
#13 C:\xampp\htdocs\varient\app\Config\Globals.php(29): CodeIgniter\Config\BaseService::__callStatic('session', Array)
#14 C:\xampp\htdocs\varient\app\Config\Globals.php(120): Config\Globals::setGlobals()
#15 C:\xampp\htdocs\varient\system\Autoloader\Autoloader.php(312): include_once('C:\\xampp\\htdocs...')
#16 C:\xampp\htdocs\varient\system\Autoloader\Autoloader.php(289): CodeIgniter\Autoloader\Autoloader->includeFile('C:\\xampp\\htdocs...')
#17 C:\xampp\htdocs\varient\system\Autoloader\Autoloader.php(267): CodeIgniter\Autoloader\Autoloader->loadInNamespace('Config\\Globals')
#18 C:\xampp\htdocs\varient\app\Config\Routes.php(7): CodeIgniter\Autoloader\Autoloader->loadClass('Config\\Globals')
#19 C:\xampp\htdocs\varient\system\Router\RouteCollection.php(267): require('C:\\xampp\\htdocs...')
#20 C:\xampp\htdocs\varient\system\CodeIgniter.php(800): CodeIgniter\Router\RouteCollection->loadRoutes()
#21 C:\xampp\htdocs\varient\system\CodeIgniter.php(447): CodeIgniter\CodeIgniter->tryToRouteIt(NULL)
#22 C:\xampp\htdocs\varient\system\CodeIgniter.php(366): CodeIgniter\CodeIgniter->handleRequest(NULL, Object(Config\Cache), false)
#23 C:\xampp\htdocs\varient\index.php(77): CodeIgniter\CodeIgniter->run()
#24 {main}
CRITICAL - 2024-03-01 19:18:57 --> Call to a member function getRow() on bool
in SYSTEMPATH\Session\Handlers\DatabaseHandler.php on line 144.
 1 [internal function]: CodeIgniter\Session\Handlers\DatabaseHandler->read('tmvi8sdfecpj0ofu89nb3gsmu3et0vvb')
 2 SYSTEMPATH\Session\Session.php(920): session_start()
 3 SYSTEMPATH\Session\Session.php(250): CodeIgniter\Session\Session->startSession()
 4 SYSTEMPATH\Config\Services.php(674): CodeIgniter\Session\Session->start()
 5 SYSTEMPATH\Config\BaseService.php(252): CodeIgniter\Config\Services::session(Object(Config\App), false)
 6 SYSTEMPATH\Config\BaseService.php(193): CodeIgniter\Config\BaseService::__callStatic('session', [...])
 7 SYSTEMPATH\Config\Services.php(641): CodeIgniter\Config\BaseService::getSharedInstance('session', null)
 8 SYSTEMPATH\Config\BaseService.php(252): CodeIgniter\Config\Services::session()
 9 APPPATH\Config\Globals.php(29): CodeIgniter\Config\BaseService::__callStatic('session', [])
10 APPPATH\Config\Globals.php(120): Config\Globals::setGlobals()
11 SYSTEMPATH\Autoloader\Autoloader.php(312): include_once('C:\\xampp\\htdocs\\varient\\app\\Config\\Globals.php')
12 SYSTEMPATH\Autoloader\Autoloader.php(289): CodeIgniter\Autoloader\Autoloader->includeFile('C:\\xampp\\htdocs\\varient\\app\\Config\\Globals.php')
13 SYSTEMPATH\Autoloader\Autoloader.php(267): CodeIgniter\Autoloader\Autoloader->loadInNamespace('Config\\Globals')
14 APPPATH\Config\Routes.php(7): CodeIgniter\Autoloader\Autoloader->loadClass('Config\\Globals')
15 SYSTEMPATH\Router\RouteCollection.php(267): require('C:\\xampp\\htdocs\\varient\\app\\Config\\Routes.php')
16 SYSTEMPATH\CodeIgniter.php(800): CodeIgniter\Router\RouteCollection->loadRoutes()
17 SYSTEMPATH\CodeIgniter.php(447): CodeIgniter\CodeIgniter->tryToRouteIt(null)
18 SYSTEMPATH\CodeIgniter.php(366): CodeIgniter\CodeIgniter->handleRequest(null, Object(Config\Cache), false)
19 FCPATH\index.php(77): CodeIgniter\CodeIgniter->run()
ERROR - 2024-03-01 19:18:57 --> mysqli_sql_exception: Table 'varient.ci_sessions' doesn't exist in C:\xampp\htdocs\varient\system\Database\MySQLi\Connection.php:295
Stack trace:
#0 C:\xampp\htdocs\varient\system\Database\MySQLi\Connection.php(295): mysqli->query('SELECT `data`\nF...', 0)
#1 C:\xampp\htdocs\varient\system\Database\BaseConnection.php(692): CodeIgniter\Database\MySQLi\Connection->execute('SELECT `data`\nF...')
#2 C:\xampp\htdocs\varient\system\Database\BaseConnection.php(606): CodeIgniter\Database\BaseConnection->simpleQuery('SELECT `data`\nF...')
#3 C:\xampp\htdocs\varient\system\Database\BaseBuilder.php(1616): CodeIgniter\Database\BaseConnection->query('SELECT `data`\nF...', Array, false)
#4 C:\xampp\htdocs\varient\system\Session\Handlers\DatabaseHandler.php(144): CodeIgniter\Database\BaseBuilder->get()
#5 [internal function]: CodeIgniter\Session\Handlers\DatabaseHandler->read('tmvi8sdfecpj0of...')
#6 C:\xampp\htdocs\varient\system\Session\Session.php(920): session_start()
#7 C:\xampp\htdocs\varient\system\Session\Session.php(250): CodeIgniter\Session\Session->startSession()
#8 C:\xampp\htdocs\varient\system\Config\Services.php(674): CodeIgniter\Session\Session->start()
#9 C:\xampp\htdocs\varient\system\Config\BaseService.php(252): CodeIgniter\Config\Services::session(Object(Config\App), false)
#10 C:\xampp\htdocs\varient\system\Config\BaseService.php(193): CodeIgniter\Config\BaseService::__callStatic('session', Array)
#11 C:\xampp\htdocs\varient\system\Config\Services.php(641): CodeIgniter\Config\BaseService::getSharedInstance('session', NULL)
#12 C:\xampp\htdocs\varient\system\Config\BaseService.php(252): CodeIgniter\Config\Services::session()
#13 C:\xampp\htdocs\varient\app\Config\Globals.php(29): CodeIgniter\Config\BaseService::__callStatic('session', Array)
#14 C:\xampp\htdocs\varient\app\Config\Globals.php(120): Config\Globals::setGlobals()
#15 C:\xampp\htdocs\varient\system\Autoloader\Autoloader.php(312): include_once('C:\\xampp\\htdocs...')
#16 C:\xampp\htdocs\varient\system\Autoloader\Autoloader.php(289): CodeIgniter\Autoloader\Autoloader->includeFile('C:\\xampp\\htdocs...')
#17 C:\xampp\htdocs\varient\system\Autoloader\Autoloader.php(267): CodeIgniter\Autoloader\Autoloader->loadInNamespace('Config\\Globals')
#18 C:\xampp\htdocs\varient\app\Config\Routes.php(7): CodeIgniter\Autoloader\Autoloader->loadClass('Config\\Globals')
#19 C:\xampp\htdocs\varient\system\Router\RouteCollection.php(267): require('C:\\xampp\\htdocs...')
#20 C:\xampp\htdocs\varient\system\CodeIgniter.php(800): CodeIgniter\Router\RouteCollection->loadRoutes()
#21 C:\xampp\htdocs\varient\system\CodeIgniter.php(447): CodeIgniter\CodeIgniter->tryToRouteIt(NULL)
#22 C:\xampp\htdocs\varient\system\CodeIgniter.php(366): CodeIgniter\CodeIgniter->handleRequest(NULL, Object(Config\Cache), false)
#23 C:\xampp\htdocs\varient\index.php(77): CodeIgniter\CodeIgniter->run()
#24 {main}
CRITICAL - 2024-03-01 19:18:57 --> Call to a member function getRow() on bool
in SYSTEMPATH\Session\Handlers\DatabaseHandler.php on line 144.
 1 [internal function]: CodeIgniter\Session\Handlers\DatabaseHandler->read('tmvi8sdfecpj0ofu89nb3gsmu3et0vvb')
 2 SYSTEMPATH\Session\Session.php(920): session_start()
 3 SYSTEMPATH\Session\Session.php(250): CodeIgniter\Session\Session->startSession()
 4 SYSTEMPATH\Config\Services.php(674): CodeIgniter\Session\Session->start()
 5 SYSTEMPATH\Config\BaseService.php(252): CodeIgniter\Config\Services::session(Object(Config\App), false)
 6 SYSTEMPATH\Config\BaseService.php(193): CodeIgniter\Config\BaseService::__callStatic('session', [...])
 7 SYSTEMPATH\Config\Services.php(641): CodeIgniter\Config\BaseService::getSharedInstance('session', null)
 8 SYSTEMPATH\Config\BaseService.php(252): CodeIgniter\Config\Services::session()
 9 APPPATH\Config\Globals.php(29): CodeIgniter\Config\BaseService::__callStatic('session', [])
10 APPPATH\Config\Globals.php(120): Config\Globals::setGlobals()
11 SYSTEMPATH\Autoloader\Autoloader.php(312): include_once('C:\\xampp\\htdocs\\varient\\app\\Config\\Globals.php')
12 SYSTEMPATH\Autoloader\Autoloader.php(289): CodeIgniter\Autoloader\Autoloader->includeFile('C:\\xampp\\htdocs\\varient\\app\\Config\\Globals.php')
13 SYSTEMPATH\Autoloader\Autoloader.php(267): CodeIgniter\Autoloader\Autoloader->loadInNamespace('Config\\Globals')
14 APPPATH\Config\Routes.php(7): CodeIgniter\Autoloader\Autoloader->loadClass('Config\\Globals')
15 SYSTEMPATH\Router\RouteCollection.php(267): require('C:\\xampp\\htdocs\\varient\\app\\Config\\Routes.php')
16 SYSTEMPATH\CodeIgniter.php(800): CodeIgniter\Router\RouteCollection->loadRoutes()
17 SYSTEMPATH\CodeIgniter.php(447): CodeIgniter\CodeIgniter->tryToRouteIt(null)
18 SYSTEMPATH\CodeIgniter.php(366): CodeIgniter\CodeIgniter->handleRequest(null, Object(Config\Cache), false)
19 FCPATH\index.php(77): CodeIgniter\CodeIgniter->run()
ERROR - 2024-03-01 19:18:58 --> mysqli_sql_exception: Table 'varient.ci_sessions' doesn't exist in C:\xampp\htdocs\varient\system\Database\MySQLi\Connection.php:295
Stack trace:
#0 C:\xampp\htdocs\varient\system\Database\MySQLi\Connection.php(295): mysqli->query('SELECT `data`\nF...', 0)
#1 C:\xampp\htdocs\varient\system\Database\BaseConnection.php(692): CodeIgniter\Database\MySQLi\Connection->execute('SELECT `data`\nF...')
#2 C:\xampp\htdocs\varient\system\Database\BaseConnection.php(606): CodeIgniter\Database\BaseConnection->simpleQuery('SELECT `data`\nF...')
#3 C:\xampp\htdocs\varient\system\Database\BaseBuilder.php(1616): CodeIgniter\Database\BaseConnection->query('SELECT `data`\nF...', Array, false)
#4 C:\xampp\htdocs\varient\system\Session\Handlers\DatabaseHandler.php(144): CodeIgniter\Database\BaseBuilder->get()
#5 [internal function]: CodeIgniter\Session\Handlers\DatabaseHandler->read('tmvi8sdfecpj0of...')
#6 C:\xampp\htdocs\varient\system\Session\Session.php(920): session_start()
#7 C:\xampp\htdocs\varient\system\Session\Session.php(250): CodeIgniter\Session\Session->startSession()
#8 C:\xampp\htdocs\varient\system\Config\Services.php(674): CodeIgniter\Session\Session->start()
#9 C:\xampp\htdocs\varient\system\Config\BaseService.php(252): CodeIgniter\Config\Services::session(Object(Config\App), false)
#10 C:\xampp\htdocs\varient\system\Config\BaseService.php(193): CodeIgniter\Config\BaseService::__callStatic('session', Array)
#11 C:\xampp\htdocs\varient\system\Config\Services.php(641): CodeIgniter\Config\BaseService::getSharedInstance('session', NULL)
#12 C:\xampp\htdocs\varient\system\Config\BaseService.php(252): CodeIgniter\Config\Services::session()
#13 C:\xampp\htdocs\varient\app\Config\Globals.php(29): CodeIgniter\Config\BaseService::__callStatic('session', Array)
#14 C:\xampp\htdocs\varient\app\Config\Globals.php(120): Config\Globals::setGlobals()
#15 C:\xampp\htdocs\varient\system\Autoloader\Autoloader.php(312): include_once('C:\\xampp\\htdocs...')
#16 C:\xampp\htdocs\varient\system\Autoloader\Autoloader.php(289): CodeIgniter\Autoloader\Autoloader->includeFile('C:\\xampp\\htdocs...')
#17 C:\xampp\htdocs\varient\system\Autoloader\Autoloader.php(267): CodeIgniter\Autoloader\Autoloader->loadInNamespace('Config\\Globals')
#18 C:\xampp\htdocs\varient\app\Config\Routes.php(7): CodeIgniter\Autoloader\Autoloader->loadClass('Config\\Globals')
#19 C:\xampp\htdocs\varient\system\Router\RouteCollection.php(267): require('C:\\xampp\\htdocs...')
#20 C:\xampp\htdocs\varient\system\CodeIgniter.php(800): CodeIgniter\Router\RouteCollection->loadRoutes()
#21 C:\xampp\htdocs\varient\system\CodeIgniter.php(447): CodeIgniter\CodeIgniter->tryToRouteIt(NULL)
#22 C:\xampp\htdocs\varient\system\CodeIgniter.php(366): CodeIgniter\CodeIgniter->handleRequest(NULL, Object(Config\Cache), false)
#23 C:\xampp\htdocs\varient\index.php(77): CodeIgniter\CodeIgniter->run()
#24 {main}
CRITICAL - 2024-03-01 19:18:58 --> Call to a member function getRow() on bool
in SYSTEMPATH\Session\Handlers\DatabaseHandler.php on line 144.
 1 [internal function]: CodeIgniter\Session\Handlers\DatabaseHandler->read('tmvi8sdfecpj0ofu89nb3gsmu3et0vvb')
 2 SYSTEMPATH\Session\Session.php(920): session_start()
 3 SYSTEMPATH\Session\Session.php(250): CodeIgniter\Session\Session->startSession()
 4 SYSTEMPATH\Config\Services.php(674): CodeIgniter\Session\Session->start()
 5 SYSTEMPATH\Config\BaseService.php(252): CodeIgniter\Config\Services::session(Object(Config\App), false)
 6 SYSTEMPATH\Config\BaseService.php(193): CodeIgniter\Config\BaseService::__callStatic('session', [...])
 7 SYSTEMPATH\Config\Services.php(641): CodeIgniter\Config\BaseService::getSharedInstance('session', null)
 8 SYSTEMPATH\Config\BaseService.php(252): CodeIgniter\Config\Services::session()
 9 APPPATH\Config\Globals.php(29): CodeIgniter\Config\BaseService::__callStatic('session', [])
10 APPPATH\Config\Globals.php(120): Config\Globals::setGlobals()
11 SYSTEMPATH\Autoloader\Autoloader.php(312): include_once('C:\\xampp\\htdocs\\varient\\app\\Config\\Globals.php')
12 SYSTEMPATH\Autoloader\Autoloader.php(289): CodeIgniter\Autoloader\Autoloader->includeFile('C:\\xampp\\htdocs\\varient\\app\\Config\\Globals.php')
13 SYSTEMPATH\Autoloader\Autoloader.php(267): CodeIgniter\Autoloader\Autoloader->loadInNamespace('Config\\Globals')
14 APPPATH\Config\Routes.php(7): CodeIgniter\Autoloader\Autoloader->loadClass('Config\\Globals')
15 SYSTEMPATH\Router\RouteCollection.php(267): require('C:\\xampp\\htdocs\\varient\\app\\Config\\Routes.php')
16 SYSTEMPATH\CodeIgniter.php(800): CodeIgniter\Router\RouteCollection->loadRoutes()
17 SYSTEMPATH\CodeIgniter.php(447): CodeIgniter\CodeIgniter->tryToRouteIt(null)
18 SYSTEMPATH\CodeIgniter.php(366): CodeIgniter\CodeIgniter->handleRequest(null, Object(Config\Cache), false)
19 FCPATH\index.php(77): CodeIgniter\CodeIgniter->run()
ERROR - 2024-03-01 19:18:58 --> mysqli_sql_exception: Table 'varient.ci_sessions' doesn't exist in C:\xampp\htdocs\varient\system\Database\MySQLi\Connection.php:295
Stack trace:
#0 C:\xampp\htdocs\varient\system\Database\MySQLi\Connection.php(295): mysqli->query('SELECT `data`\nF...', 0)
#1 C:\xampp\htdocs\varient\system\Database\BaseConnection.php(692): CodeIgniter\Database\MySQLi\Connection->execute('SELECT `data`\nF...')
#2 C:\xampp\htdocs\varient\system\Database\BaseConnection.php(606): CodeIgniter\Database\BaseConnection->simpleQuery('SELECT `data`\nF...')
#3 C:\xampp\htdocs\varient\system\Database\BaseBuilder.php(1616): CodeIgniter\Database\BaseConnection->query('SELECT `data`\nF...', Array, false)
#4 C:\xampp\htdocs\varient\system\Session\Handlers\DatabaseHandler.php(144): CodeIgniter\Database\BaseBuilder->get()
#5 [internal function]: CodeIgniter\Session\Handlers\DatabaseHandler->read('tmvi8sdfecpj0of...')
#6 C:\xampp\htdocs\varient\system\Session\Session.php(920): session_start()
#7 C:\xampp\htdocs\varient\system\Session\Session.php(250): CodeIgniter\Session\Session->startSession()
#8 C:\xampp\htdocs\varient\system\Config\Services.php(674): CodeIgniter\Session\Session->start()
#9 C:\xampp\htdocs\varient\system\Config\BaseService.php(252): CodeIgniter\Config\Services::session(Object(Config\App), false)
#10 C:\xampp\htdocs\varient\system\Config\BaseService.php(193): CodeIgniter\Config\BaseService::__callStatic('session', Array)
#11 C:\xampp\htdocs\varient\system\Config\Services.php(641): CodeIgniter\Config\BaseService::getSharedInstance('session', NULL)
#12 C:\xampp\htdocs\varient\system\Config\BaseService.php(252): CodeIgniter\Config\Services::session()
#13 C:\xampp\htdocs\varient\app\Config\Globals.php(29): CodeIgniter\Config\BaseService::__callStatic('session', Array)
#14 C:\xampp\htdocs\varient\app\Config\Globals.php(120): Config\Globals::setGlobals()
#15 C:\xampp\htdocs\varient\system\Autoloader\Autoloader.php(312): include_once('C:\\xampp\\htdocs...')
#16 C:\xampp\htdocs\varient\system\Autoloader\Autoloader.php(289): CodeIgniter\Autoloader\Autoloader->includeFile('C:\\xampp\\htdocs...')
#17 C:\xampp\htdocs\varient\system\Autoloader\Autoloader.php(267): CodeIgniter\Autoloader\Autoloader->loadInNamespace('Config\\Globals')
#18 C:\xampp\htdocs\varient\app\Config\Routes.php(7): CodeIgniter\Autoloader\Autoloader->loadClass('Config\\Globals')
#19 C:\xampp\htdocs\varient\system\Router\RouteCollection.php(267): require('C:\\xampp\\htdocs...')
#20 C:\xampp\htdocs\varient\system\CodeIgniter.php(800): CodeIgniter\Router\RouteCollection->loadRoutes()
#21 C:\xampp\htdocs\varient\system\CodeIgniter.php(447): CodeIgniter\CodeIgniter->tryToRouteIt(NULL)
#22 C:\xampp\htdocs\varient\system\CodeIgniter.php(366): CodeIgniter\CodeIgniter->handleRequest(NULL, Object(Config\Cache), false)
#23 C:\xampp\htdocs\varient\index.php(77): CodeIgniter\CodeIgniter->run()
#24 {main}
CRITICAL - 2024-03-01 19:18:58 --> Call to a member function getRow() on bool
in SYSTEMPATH\Session\Handlers\DatabaseHandler.php on line 144.
 1 [internal function]: CodeIgniter\Session\Handlers\DatabaseHandler->read('tmvi8sdfecpj0ofu89nb3gsmu3et0vvb')
 2 SYSTEMPATH\Session\Session.php(920): session_start()
 3 SYSTEMPATH\Session\Session.php(250): CodeIgniter\Session\Session->startSession()
 4 SYSTEMPATH\Config\Services.php(674): CodeIgniter\Session\Session->start()
 5 SYSTEMPATH\Config\BaseService.php(252): CodeIgniter\Config\Services::session(Object(Config\App), false)
 6 SYSTEMPATH\Config\BaseService.php(193): CodeIgniter\Config\BaseService::__callStatic('session', [...])
 7 SYSTEMPATH\Config\Services.php(641): CodeIgniter\Config\BaseService::getSharedInstance('session', null)
 8 SYSTEMPATH\Config\BaseService.php(252): CodeIgniter\Config\Services::session()
 9 APPPATH\Config\Globals.php(29): CodeIgniter\Config\BaseService::__callStatic('session', [])
10 APPPATH\Config\Globals.php(120): Config\Globals::setGlobals()
11 SYSTEMPATH\Autoloader\Autoloader.php(312): include_once('C:\\xampp\\htdocs\\varient\\app\\Config\\Globals.php')
12 SYSTEMPATH\Autoloader\Autoloader.php(289): CodeIgniter\Autoloader\Autoloader->includeFile('C:\\xampp\\htdocs\\varient\\app\\Config\\Globals.php')
13 SYSTEMPATH\Autoloader\Autoloader.php(267): CodeIgniter\Autoloader\Autoloader->loadInNamespace('Config\\Globals')
14 APPPATH\Config\Routes.php(7): CodeIgniter\Autoloader\Autoloader->loadClass('Config\\Globals')
15 SYSTEMPATH\Router\RouteCollection.php(267): require('C:\\xampp\\htdocs\\varient\\app\\Config\\Routes.php')
16 SYSTEMPATH\CodeIgniter.php(800): CodeIgniter\Router\RouteCollection->loadRoutes()
17 SYSTEMPATH\CodeIgniter.php(447): CodeIgniter\CodeIgniter->tryToRouteIt(null)
18 SYSTEMPATH\CodeIgniter.php(366): CodeIgniter\CodeIgniter->handleRequest(null, Object(Config\Cache), false)
19 FCPATH\index.php(77): CodeIgniter\CodeIgniter->run()
ERROR - 2024-03-01 19:19:22 --> mysqli_sql_exception: Table 'varient.ci_sessions' doesn't exist in C:\xampp\htdocs\varient\system\Database\MySQLi\Connection.php:295
Stack trace:
#0 C:\xampp\htdocs\varient\system\Database\MySQLi\Connection.php(295): mysqli->query('SELECT `data`\nF...', 0)
#1 C:\xampp\htdocs\varient\system\Database\BaseConnection.php(692): CodeIgniter\Database\MySQLi\Connection->execute('SELECT `data`\nF...')
#2 C:\xampp\htdocs\varient\system\Database\BaseConnection.php(606): CodeIgniter\Database\BaseConnection->simpleQuery('SELECT `data`\nF...')
#3 C:\xampp\htdocs\varient\system\Database\BaseBuilder.php(1616): CodeIgniter\Database\BaseConnection->query('SELECT `data`\nF...', Array, false)
#4 C:\xampp\htdocs\varient\system\Session\Handlers\DatabaseHandler.php(144): CodeIgniter\Database\BaseBuilder->get()
#5 [internal function]: CodeIgniter\Session\Handlers\DatabaseHandler->read('tmvi8sdfecpj0of...')
#6 C:\xampp\htdocs\varient\system\Session\Session.php(920): session_start()
#7 C:\xampp\htdocs\varient\system\Session\Session.php(250): CodeIgniter\Session\Session->startSession()
#8 C:\xampp\htdocs\varient\system\Config\Services.php(674): CodeIgniter\Session\Session->start()
#9 C:\xampp\htdocs\varient\system\Config\BaseService.php(252): CodeIgniter\Config\Services::session(Object(Config\App), false)
#10 C:\xampp\htdocs\varient\system\Config\BaseService.php(193): CodeIgniter\Config\BaseService::__callStatic('session', Array)
#11 C:\xampp\htdocs\varient\system\Config\Services.php(641): CodeIgniter\Config\BaseService::getSharedInstance('session', NULL)
#12 C:\xampp\htdocs\varient\system\Config\BaseService.php(252): CodeIgniter\Config\Services::session()
#13 C:\xampp\htdocs\varient\app\Config\Globals.php(29): CodeIgniter\Config\BaseService::__callStatic('session', Array)
#14 C:\xampp\htdocs\varient\app\Config\Globals.php(120): Config\Globals::setGlobals()
#15 C:\xampp\htdocs\varient\system\Autoloader\Autoloader.php(312): include_once('C:\\xampp\\htdocs...')
#16 C:\xampp\htdocs\varient\system\Autoloader\Autoloader.php(289): CodeIgniter\Autoloader\Autoloader->includeFile('C:\\xampp\\htdocs...')
#17 C:\xampp\htdocs\varient\system\Autoloader\Autoloader.php(267): CodeIgniter\Autoloader\Autoloader->loadInNamespace('Config\\Globals')
#18 C:\xampp\htdocs\varient\app\Config\Routes.php(7): CodeIgniter\Autoloader\Autoloader->loadClass('Config\\Globals')
#19 C:\xampp\htdocs\varient\system\Router\RouteCollection.php(267): require('C:\\xampp\\htdocs...')
#20 C:\xampp\htdocs\varient\system\CodeIgniter.php(800): CodeIgniter\Router\RouteCollection->loadRoutes()
#21 C:\xampp\htdocs\varient\system\CodeIgniter.php(447): CodeIgniter\CodeIgniter->tryToRouteIt(NULL)
#22 C:\xampp\htdocs\varient\system\CodeIgniter.php(366): CodeIgniter\CodeIgniter->handleRequest(NULL, Object(Config\Cache), false)
#23 C:\xampp\htdocs\varient\index.php(77): CodeIgniter\CodeIgniter->run()
#24 {main}
CRITICAL - 2024-03-01 19:19:22 --> Call to a member function getRow() on bool
in SYSTEMPATH\Session\Handlers\DatabaseHandler.php on line 144.
 1 [internal function]: CodeIgniter\Session\Handlers\DatabaseHandler->read('tmvi8sdfecpj0ofu89nb3gsmu3et0vvb')
 2 SYSTEMPATH\Session\Session.php(920): session_start()
 3 SYSTEMPATH\Session\Session.php(250): CodeIgniter\Session\Session->startSession()
 4 SYSTEMPATH\Config\Services.php(674): CodeIgniter\Session\Session->start()
 5 SYSTEMPATH\Config\BaseService.php(252): CodeIgniter\Config\Services::session(Object(Config\App), false)
 6 SYSTEMPATH\Config\BaseService.php(193): CodeIgniter\Config\BaseService::__callStatic('session', [...])
 7 SYSTEMPATH\Config\Services.php(641): CodeIgniter\Config\BaseService::getSharedInstance('session', null)
 8 SYSTEMPATH\Config\BaseService.php(252): CodeIgniter\Config\Services::session()
 9 APPPATH\Config\Globals.php(29): CodeIgniter\Config\BaseService::__callStatic('session', [])
10 APPPATH\Config\Globals.php(120): Config\Globals::setGlobals()
11 SYSTEMPATH\Autoloader\Autoloader.php(312): include_once('C:\\xampp\\htdocs\\varient\\app\\Config\\Globals.php')
12 SYSTEMPATH\Autoloader\Autoloader.php(289): CodeIgniter\Autoloader\Autoloader->includeFile('C:\\xampp\\htdocs\\varient\\app\\Config\\Globals.php')
13 SYSTEMPATH\Autoloader\Autoloader.php(267): CodeIgniter\Autoloader\Autoloader->loadInNamespace('Config\\Globals')
14 APPPATH\Config\Routes.php(7): CodeIgniter\Autoloader\Autoloader->loadClass('Config\\Globals')
15 SYSTEMPATH\Router\RouteCollection.php(267): require('C:\\xampp\\htdocs\\varient\\app\\Config\\Routes.php')
16 SYSTEMPATH\CodeIgniter.php(800): CodeIgniter\Router\RouteCollection->loadRoutes()
17 SYSTEMPATH\CodeIgniter.php(447): CodeIgniter\CodeIgniter->tryToRouteIt(null)
18 SYSTEMPATH\CodeIgniter.php(366): CodeIgniter\CodeIgniter->handleRequest(null, Object(Config\Cache), false)
19 FCPATH\index.php(77): CodeIgniter\CodeIgniter->run()
ERROR - 2024-03-01 19:19:23 --> mysqli_sql_exception: Table 'varient.ci_sessions' doesn't exist in C:\xampp\htdocs\varient\system\Database\MySQLi\Connection.php:295
Stack trace:
#0 C:\xampp\htdocs\varient\system\Database\MySQLi\Connection.php(295): mysqli->query('SELECT `data`\nF...', 0)
#1 C:\xampp\htdocs\varient\system\Database\BaseConnection.php(692): CodeIgniter\Database\MySQLi\Connection->execute('SELECT `data`\nF...')
#2 C:\xampp\htdocs\varient\system\Database\BaseConnection.php(606): CodeIgniter\Database\BaseConnection->simpleQuery('SELECT `data`\nF...')
#3 C:\xampp\htdocs\varient\system\Database\BaseBuilder.php(1616): CodeIgniter\Database\BaseConnection->query('SELECT `data`\nF...', Array, false)
#4 C:\xampp\htdocs\varient\system\Session\Handlers\DatabaseHandler.php(144): CodeIgniter\Database\BaseBuilder->get()
#5 [internal function]: CodeIgniter\Session\Handlers\DatabaseHandler->read('tmvi8sdfecpj0of...')
#6 C:\xampp\htdocs\varient\system\Session\Session.php(920): session_start()
#7 C:\xampp\htdocs\varient\system\Session\Session.php(250): CodeIgniter\Session\Session->startSession()
#8 C:\xampp\htdocs\varient\system\Config\Services.php(674): CodeIgniter\Session\Session->start()
#9 C:\xampp\htdocs\varient\system\Config\BaseService.php(252): CodeIgniter\Config\Services::session(Object(Config\App), false)
#10 C:\xampp\htdocs\varient\system\Config\BaseService.php(193): CodeIgniter\Config\BaseService::__callStatic('session', Array)
#11 C:\xampp\htdocs\varient\system\Config\Services.php(641): CodeIgniter\Config\BaseService::getSharedInstance('session', NULL)
#12 C:\xampp\htdocs\varient\system\Config\BaseService.php(252): CodeIgniter\Config\Services::session()
#13 C:\xampp\htdocs\varient\app\Config\Globals.php(29): CodeIgniter\Config\BaseService::__callStatic('session', Array)
#14 C:\xampp\htdocs\varient\app\Config\Globals.php(120): Config\Globals::setGlobals()
#15 C:\xampp\htdocs\varient\system\Autoloader\Autoloader.php(312): include_once('C:\\xampp\\htdocs...')
#16 C:\xampp\htdocs\varient\system\Autoloader\Autoloader.php(289): CodeIgniter\Autoloader\Autoloader->includeFile('C:\\xampp\\htdocs...')
#17 C:\xampp\htdocs\varient\system\Autoloader\Autoloader.php(267): CodeIgniter\Autoloader\Autoloader->loadInNamespace('Config\\Globals')
#18 C:\xampp\htdocs\varient\app\Config\Routes.php(7): CodeIgniter\Autoloader\Autoloader->loadClass('Config\\Globals')
#19 C:\xampp\htdocs\varient\system\Router\RouteCollection.php(267): require('C:\\xampp\\htdocs...')
#20 C:\xampp\htdocs\varient\system\CodeIgniter.php(800): CodeIgniter\Router\RouteCollection->loadRoutes()
#21 C:\xampp\htdocs\varient\system\CodeIgniter.php(447): CodeIgniter\CodeIgniter->tryToRouteIt(NULL)
#22 C:\xampp\htdocs\varient\system\CodeIgniter.php(366): CodeIgniter\CodeIgniter->handleRequest(NULL, Object(Config\Cache), false)
#23 C:\xampp\htdocs\varient\index.php(77): CodeIgniter\CodeIgniter->run()
#24 {main}
CRITICAL - 2024-03-01 19:19:23 --> Call to a member function getRow() on bool
in SYSTEMPATH\Session\Handlers\DatabaseHandler.php on line 144.
 1 [internal function]: CodeIgniter\Session\Handlers\DatabaseHandler->read('tmvi8sdfecpj0ofu89nb3gsmu3et0vvb')
 2 SYSTEMPATH\Session\Session.php(920): session_start()
 3 SYSTEMPATH\Session\Session.php(250): CodeIgniter\Session\Session->startSession()
 4 SYSTEMPATH\Config\Services.php(674): CodeIgniter\Session\Session->start()
 5 SYSTEMPATH\Config\BaseService.php(252): CodeIgniter\Config\Services::session(Object(Config\App), false)
 6 SYSTEMPATH\Config\BaseService.php(193): CodeIgniter\Config\BaseService::__callStatic('session', [...])
 7 SYSTEMPATH\Config\Services.php(641): CodeIgniter\Config\BaseService::getSharedInstance('session', null)
 8 SYSTEMPATH\Config\BaseService.php(252): CodeIgniter\Config\Services::session()
 9 APPPATH\Config\Globals.php(29): CodeIgniter\Config\BaseService::__callStatic('session', [])
10 APPPATH\Config\Globals.php(120): Config\Globals::setGlobals()
11 SYSTEMPATH\Autoloader\Autoloader.php(312): include_once('C:\\xampp\\htdocs\\varient\\app\\Config\\Globals.php')
12 SYSTEMPATH\Autoloader\Autoloader.php(289): CodeIgniter\Autoloader\Autoloader->includeFile('C:\\xampp\\htdocs\\varient\\app\\Config\\Globals.php')
13 SYSTEMPATH\Autoloader\Autoloader.php(267): CodeIgniter\Autoloader\Autoloader->loadInNamespace('Config\\Globals')
14 APPPATH\Config\Routes.php(7): CodeIgniter\Autoloader\Autoloader->loadClass('Config\\Globals')
15 SYSTEMPATH\Router\RouteCollection.php(267): require('C:\\xampp\\htdocs\\varient\\app\\Config\\Routes.php')
16 SYSTEMPATH\CodeIgniter.php(800): CodeIgniter\Router\RouteCollection->loadRoutes()
17 SYSTEMPATH\CodeIgniter.php(447): CodeIgniter\CodeIgniter->tryToRouteIt(null)
18 SYSTEMPATH\CodeIgniter.php(366): CodeIgniter\CodeIgniter->handleRequest(null, Object(Config\Cache), false)
19 FCPATH\index.php(77): CodeIgniter\CodeIgniter->run()
ERROR - 2024-03-01 19:19:23 --> mysqli_sql_exception: Table 'varient.ci_sessions' doesn't exist in C:\xampp\htdocs\varient\system\Database\MySQLi\Connection.php:295
Stack trace:
#0 C:\xampp\htdocs\varient\system\Database\MySQLi\Connection.php(295): mysqli->query('SELECT `data`\nF...', 0)
#1 C:\xampp\htdocs\varient\system\Database\BaseConnection.php(692): CodeIgniter\Database\MySQLi\Connection->execute('SELECT `data`\nF...')
#2 C:\xampp\htdocs\varient\system\Database\BaseConnection.php(606): CodeIgniter\Database\BaseConnection->simpleQuery('SELECT `data`\nF...')
#3 C:\xampp\htdocs\varient\system\Database\BaseBuilder.php(1616): CodeIgniter\Database\BaseConnection->query('SELECT `data`\nF...', Array, false)
#4 C:\xampp\htdocs\varient\system\Session\Handlers\DatabaseHandler.php(144): CodeIgniter\Database\BaseBuilder->get()
#5 [internal function]: CodeIgniter\Session\Handlers\DatabaseHandler->read('tmvi8sdfecpj0of...')
#6 C:\xampp\htdocs\varient\system\Session\Session.php(920): session_start()
#7 C:\xampp\htdocs\varient\system\Session\Session.php(250): CodeIgniter\Session\Session->startSession()
#8 C:\xampp\htdocs\varient\system\Config\Services.php(674): CodeIgniter\Session\Session->start()
#9 C:\xampp\htdocs\varient\system\Config\BaseService.php(252): CodeIgniter\Config\Services::session(Object(Config\App), false)
#10 C:\xampp\htdocs\varient\system\Config\BaseService.php(193): CodeIgniter\Config\BaseService::__callStatic('session', Array)
#11 C:\xampp\htdocs\varient\system\Config\Services.php(641): CodeIgniter\Config\BaseService::getSharedInstance('session', NULL)
#12 C:\xampp\htdocs\varient\system\Config\BaseService.php(252): CodeIgniter\Config\Services::session()
#13 C:\xampp\htdocs\varient\app\Config\Globals.php(29): CodeIgniter\Config\BaseService::__callStatic('session', Array)
#14 C:\xampp\htdocs\varient\app\Config\Globals.php(120): Config\Globals::setGlobals()
#15 C:\xampp\htdocs\varient\system\Autoloader\Autoloader.php(312): include_once('C:\\xampp\\htdocs...')
#16 C:\xampp\htdocs\varient\system\Autoloader\Autoloader.php(289): CodeIgniter\Autoloader\Autoloader->includeFile('C:\\xampp\\htdocs...')
#17 C:\xampp\htdocs\varient\system\Autoloader\Autoloader.php(267): CodeIgniter\Autoloader\Autoloader->loadInNamespace('Config\\Globals')
#18 C:\xampp\htdocs\varient\app\Config\Routes.php(7): CodeIgniter\Autoloader\Autoloader->loadClass('Config\\Globals')
#19 C:\xampp\htdocs\varient\system\Router\RouteCollection.php(267): require('C:\\xampp\\htdocs...')
#20 C:\xampp\htdocs\varient\system\CodeIgniter.php(800): CodeIgniter\Router\RouteCollection->loadRoutes()
#21 C:\xampp\htdocs\varient\system\CodeIgniter.php(447): CodeIgniter\CodeIgniter->tryToRouteIt(NULL)
#22 C:\xampp\htdocs\varient\system\CodeIgniter.php(366): CodeIgniter\CodeIgniter->handleRequest(NULL, Object(Config\Cache), false)
#23 C:\xampp\htdocs\varient\index.php(77): CodeIgniter\CodeIgniter->run()
#24 {main}
CRITICAL - 2024-03-01 19:19:23 --> Call to a member function getRow() on bool
in SYSTEMPATH\Session\Handlers\DatabaseHandler.php on line 144.
 1 [internal function]: CodeIgniter\Session\Handlers\DatabaseHandler->read('tmvi8sdfecpj0ofu89nb3gsmu3et0vvb')
 2 SYSTEMPATH\Session\Session.php(920): session_start()
 3 SYSTEMPATH\Session\Session.php(250): CodeIgniter\Session\Session->startSession()
 4 SYSTEMPATH\Config\Services.php(674): CodeIgniter\Session\Session->start()
 5 SYSTEMPATH\Config\BaseService.php(252): CodeIgniter\Config\Services::session(Object(Config\App), false)
 6 SYSTEMPATH\Config\BaseService.php(193): CodeIgniter\Config\BaseService::__callStatic('session', [...])
 7 SYSTEMPATH\Config\Services.php(641): CodeIgniter\Config\BaseService::getSharedInstance('session', null)
 8 SYSTEMPATH\Config\BaseService.php(252): CodeIgniter\Config\Services::session()
 9 APPPATH\Config\Globals.php(29): CodeIgniter\Config\BaseService::__callStatic('session', [])
10 APPPATH\Config\Globals.php(120): Config\Globals::setGlobals()
11 SYSTEMPATH\Autoloader\Autoloader.php(312): include_once('C:\\xampp\\htdocs\\varient\\app\\Config\\Globals.php')
12 SYSTEMPATH\Autoloader\Autoloader.php(289): CodeIgniter\Autoloader\Autoloader->includeFile('C:\\xampp\\htdocs\\varient\\app\\Config\\Globals.php')
13 SYSTEMPATH\Autoloader\Autoloader.php(267): CodeIgniter\Autoloader\Autoloader->loadInNamespace('Config\\Globals')
14 APPPATH\Config\Routes.php(7): CodeIgniter\Autoloader\Autoloader->loadClass('Config\\Globals')
15 SYSTEMPATH\Router\RouteCollection.php(267): require('C:\\xampp\\htdocs\\varient\\app\\Config\\Routes.php')
16 SYSTEMPATH\CodeIgniter.php(800): CodeIgniter\Router\RouteCollection->loadRoutes()
17 SYSTEMPATH\CodeIgniter.php(447): CodeIgniter\CodeIgniter->tryToRouteIt(null)
18 SYSTEMPATH\CodeIgniter.php(366): CodeIgniter\CodeIgniter->handleRequest(null, Object(Config\Cache), false)
19 FCPATH\index.php(77): CodeIgniter\CodeIgniter->run()
ERROR - 2024-03-01 19:19:23 --> mysqli_sql_exception: Table 'varient.ci_sessions' doesn't exist in C:\xampp\htdocs\varient\system\Database\MySQLi\Connection.php:295
Stack trace:
#0 C:\xampp\htdocs\varient\system\Database\MySQLi\Connection.php(295): mysqli->query('SELECT `data`\nF...', 0)
#1 C:\xampp\htdocs\varient\system\Database\BaseConnection.php(692): CodeIgniter\Database\MySQLi\Connection->execute('SELECT `data`\nF...')
#2 C:\xampp\htdocs\varient\system\Database\BaseConnection.php(606): CodeIgniter\Database\BaseConnection->simpleQuery('SELECT `data`\nF...')
#3 C:\xampp\htdocs\varient\system\Database\BaseBuilder.php(1616): CodeIgniter\Database\BaseConnection->query('SELECT `data`\nF...', Array, false)
#4 C:\xampp\htdocs\varient\system\Session\Handlers\DatabaseHandler.php(144): CodeIgniter\Database\BaseBuilder->get()
#5 [internal function]: CodeIgniter\Session\Handlers\DatabaseHandler->read('tmvi8sdfecpj0of...')
#6 C:\xampp\htdocs\varient\system\Session\Session.php(920): session_start()
#7 C:\xampp\htdocs\varient\system\Session\Session.php(250): CodeIgniter\Session\Session->startSession()
#8 C:\xampp\htdocs\varient\system\Config\Services.php(674): CodeIgniter\Session\Session->start()
#9 C:\xampp\htdocs\varient\system\Config\BaseService.php(252): CodeIgniter\Config\Services::session(Object(Config\App), false)
#10 C:\xampp\htdocs\varient\system\Config\BaseService.php(193): CodeIgniter\Config\BaseService::__callStatic('session', Array)
#11 C:\xampp\htdocs\varient\system\Config\Services.php(641): CodeIgniter\Config\BaseService::getSharedInstance('session', NULL)
#12 C:\xampp\htdocs\varient\system\Config\BaseService.php(252): CodeIgniter\Config\Services::session()
#13 C:\xampp\htdocs\varient\app\Config\Globals.php(29): CodeIgniter\Config\BaseService::__callStatic('session', Array)
#14 C:\xampp\htdocs\varient\app\Config\Globals.php(120): Config\Globals::setGlobals()
#15 C:\xampp\htdocs\varient\system\Autoloader\Autoloader.php(312): include_once('C:\\xampp\\htdocs...')
#16 C:\xampp\htdocs\varient\system\Autoloader\Autoloader.php(289): CodeIgniter\Autoloader\Autoloader->includeFile('C:\\xampp\\htdocs...')
#17 C:\xampp\htdocs\varient\system\Autoloader\Autoloader.php(267): CodeIgniter\Autoloader\Autoloader->loadInNamespace('Config\\Globals')
#18 C:\xampp\htdocs\varient\app\Config\Routes.php(7): CodeIgniter\Autoloader\Autoloader->loadClass('Config\\Globals')
#19 C:\xampp\htdocs\varient\system\Router\RouteCollection.php(267): require('C:\\xampp\\htdocs...')
#20 C:\xampp\htdocs\varient\system\CodeIgniter.php(800): CodeIgniter\Router\RouteCollection->loadRoutes()
#21 C:\xampp\htdocs\varient\system\CodeIgniter.php(447): CodeIgniter\CodeIgniter->tryToRouteIt(NULL)
#22 C:\xampp\htdocs\varient\system\CodeIgniter.php(366): CodeIgniter\CodeIgniter->handleRequest(NULL, Object(Config\Cache), false)
#23 C:\xampp\htdocs\varient\index.php(77): CodeIgniter\CodeIgniter->run()
#24 {main}
CRITICAL - 2024-03-01 19:19:23 --> Call to a member function getRow() on bool
in SYSTEMPATH\Session\Handlers\DatabaseHandler.php on line 144.
 1 [internal function]: CodeIgniter\Session\Handlers\DatabaseHandler->read('tmvi8sdfecpj0ofu89nb3gsmu3et0vvb')
 2 SYSTEMPATH\Session\Session.php(920): session_start()
 3 SYSTEMPATH\Session\Session.php(250): CodeIgniter\Session\Session->startSession()
 4 SYSTEMPATH\Config\Services.php(674): CodeIgniter\Session\Session->start()
 5 SYSTEMPATH\Config\BaseService.php(252): CodeIgniter\Config\Services::session(Object(Config\App), false)
 6 SYSTEMPATH\Config\BaseService.php(193): CodeIgniter\Config\BaseService::__callStatic('session', [...])
 7 SYSTEMPATH\Config\Services.php(641): CodeIgniter\Config\BaseService::getSharedInstance('session', null)
 8 SYSTEMPATH\Config\BaseService.php(252): CodeIgniter\Config\Services::session()
 9 APPPATH\Config\Globals.php(29): CodeIgniter\Config\BaseService::__callStatic('session', [])
10 APPPATH\Config\Globals.php(120): Config\Globals::setGlobals()
11 SYSTEMPATH\Autoloader\Autoloader.php(312): include_once('C:\\xampp\\htdocs\\varient\\app\\Config\\Globals.php')
12 SYSTEMPATH\Autoloader\Autoloader.php(289): CodeIgniter\Autoloader\Autoloader->includeFile('C:\\xampp\\htdocs\\varient\\app\\Config\\Globals.php')
13 SYSTEMPATH\Autoloader\Autoloader.php(267): CodeIgniter\Autoloader\Autoloader->loadInNamespace('Config\\Globals')
14 APPPATH\Config\Routes.php(7): CodeIgniter\Autoloader\Autoloader->loadClass('Config\\Globals')
15 SYSTEMPATH\Router\RouteCollection.php(267): require('C:\\xampp\\htdocs\\varient\\app\\Config\\Routes.php')
16 SYSTEMPATH\CodeIgniter.php(800): CodeIgniter\Router\RouteCollection->loadRoutes()
17 SYSTEMPATH\CodeIgniter.php(447): CodeIgniter\CodeIgniter->tryToRouteIt(null)
18 SYSTEMPATH\CodeIgniter.php(366): CodeIgniter\CodeIgniter->handleRequest(null, Object(Config\Cache), false)
19 FCPATH\index.php(77): CodeIgniter\CodeIgniter->run()
ERROR - 2024-03-01 19:19:24 --> mysqli_sql_exception: Table 'varient.ci_sessions' doesn't exist in C:\xampp\htdocs\varient\system\Database\MySQLi\Connection.php:295
Stack trace:
#0 C:\xampp\htdocs\varient\system\Database\MySQLi\Connection.php(295): mysqli->query('SELECT `data`\nF...', 0)
#1 C:\xampp\htdocs\varient\system\Database\BaseConnection.php(692): CodeIgniter\Database\MySQLi\Connection->execute('SELECT `data`\nF...')
#2 C:\xampp\htdocs\varient\system\Database\BaseConnection.php(606): CodeIgniter\Database\BaseConnection->simpleQuery('SELECT `data`\nF...')
#3 C:\xampp\htdocs\varient\system\Database\BaseBuilder.php(1616): CodeIgniter\Database\BaseConnection->query('SELECT `data`\nF...', Array, false)
#4 C:\xampp\htdocs\varient\system\Session\Handlers\DatabaseHandler.php(144): CodeIgniter\Database\BaseBuilder->get()
#5 [internal function]: CodeIgniter\Session\Handlers\DatabaseHandler->read('tmvi8sdfecpj0of...')
#6 C:\xampp\htdocs\varient\system\Session\Session.php(920): session_start()
#7 C:\xampp\htdocs\varient\system\Session\Session.php(250): CodeIgniter\Session\Session->startSession()
#8 C:\xampp\htdocs\varient\system\Config\Services.php(674): CodeIgniter\Session\Session->start()
#9 C:\xampp\htdocs\varient\system\Config\BaseService.php(252): CodeIgniter\Config\Services::session(Object(Config\App), false)
#10 C:\xampp\htdocs\varient\system\Config\BaseService.php(193): CodeIgniter\Config\BaseService::__callStatic('session', Array)
#11 C:\xampp\htdocs\varient\system\Config\Services.php(641): CodeIgniter\Config\BaseService::getSharedInstance('session', NULL)
#12 C:\xampp\htdocs\varient\system\Config\BaseService.php(252): CodeIgniter\Config\Services::session()
#13 C:\xampp\htdocs\varient\app\Config\Globals.php(29): CodeIgniter\Config\BaseService::__callStatic('session', Array)
#14 C:\xampp\htdocs\varient\app\Config\Globals.php(120): Config\Globals::setGlobals()
#15 C:\xampp\htdocs\varient\system\Autoloader\Autoloader.php(312): include_once('C:\\xampp\\htdocs...')
#16 C:\xampp\htdocs\varient\system\Autoloader\Autoloader.php(289): CodeIgniter\Autoloader\Autoloader->includeFile('C:\\xampp\\htdocs...')
#17 C:\xampp\htdocs\varient\system\Autoloader\Autoloader.php(267): CodeIgniter\Autoloader\Autoloader->loadInNamespace('Config\\Globals')
#18 C:\xampp\htdocs\varient\app\Config\Routes.php(7): CodeIgniter\Autoloader\Autoloader->loadClass('Config\\Globals')
#19 C:\xampp\htdocs\varient\system\Router\RouteCollection.php(267): require('C:\\xampp\\htdocs...')
#20 C:\xampp\htdocs\varient\system\CodeIgniter.php(800): CodeIgniter\Router\RouteCollection->loadRoutes()
#21 C:\xampp\htdocs\varient\system\CodeIgniter.php(447): CodeIgniter\CodeIgniter->tryToRouteIt(NULL)
#22 C:\xampp\htdocs\varient\system\CodeIgniter.php(366): CodeIgniter\CodeIgniter->handleRequest(NULL, Object(Config\Cache), false)
#23 C:\xampp\htdocs\varient\index.php(77): CodeIgniter\CodeIgniter->run()
#24 {main}
CRITICAL - 2024-03-01 19:19:24 --> Call to a member function getRow() on bool
in SYSTEMPATH\Session\Handlers\DatabaseHandler.php on line 144.
 1 [internal function]: CodeIgniter\Session\Handlers\DatabaseHandler->read('tmvi8sdfecpj0ofu89nb3gsmu3et0vvb')
 2 SYSTEMPATH\Session\Session.php(920): session_start()
 3 SYSTEMPATH\Session\Session.php(250): CodeIgniter\Session\Session->startSession()
 4 SYSTEMPATH\Config\Services.php(674): CodeIgniter\Session\Session->start()
 5 SYSTEMPATH\Config\BaseService.php(252): CodeIgniter\Config\Services::session(Object(Config\App), false)
 6 SYSTEMPATH\Config\BaseService.php(193): CodeIgniter\Config\BaseService::__callStatic('session', [...])
 7 SYSTEMPATH\Config\Services.php(641): CodeIgniter\Config\BaseService::getSharedInstance('session', null)
 8 SYSTEMPATH\Config\BaseService.php(252): CodeIgniter\Config\Services::session()
 9 APPPATH\Config\Globals.php(29): CodeIgniter\Config\BaseService::__callStatic('session', [])
10 APPPATH\Config\Globals.php(120): Config\Globals::setGlobals()
11 SYSTEMPATH\Autoloader\Autoloader.php(312): include_once('C:\\xampp\\htdocs\\varient\\app\\Config\\Globals.php')
12 SYSTEMPATH\Autoloader\Autoloader.php(289): CodeIgniter\Autoloader\Autoloader->includeFile('C:\\xampp\\htdocs\\varient\\app\\Config\\Globals.php')
13 SYSTEMPATH\Autoloader\Autoloader.php(267): CodeIgniter\Autoloader\Autoloader->loadInNamespace('Config\\Globals')
14 APPPATH\Config\Routes.php(7): CodeIgniter\Autoloader\Autoloader->loadClass('Config\\Globals')
15 SYSTEMPATH\Router\RouteCollection.php(267): require('C:\\xampp\\htdocs\\varient\\app\\Config\\Routes.php')
16 SYSTEMPATH\CodeIgniter.php(800): CodeIgniter\Router\RouteCollection->loadRoutes()
17 SYSTEMPATH\CodeIgniter.php(447): CodeIgniter\CodeIgniter->tryToRouteIt(null)
18 SYSTEMPATH\CodeIgniter.php(366): CodeIgniter\CodeIgniter->handleRequest(null, Object(Config\Cache), false)
19 FCPATH\index.php(77): CodeIgniter\CodeIgniter->run()
ERROR - 2024-03-01 19:19:24 --> mysqli_sql_exception: Table 'varient.ci_sessions' doesn't exist in C:\xampp\htdocs\varient\system\Database\MySQLi\Connection.php:295
Stack trace:
#0 C:\xampp\htdocs\varient\system\Database\MySQLi\Connection.php(295): mysqli->query('SELECT `data`\nF...', 0)
#1 C:\xampp\htdocs\varient\system\Database\BaseConnection.php(692): CodeIgniter\Database\MySQLi\Connection->execute('SELECT `data`\nF...')
#2 C:\xampp\htdocs\varient\system\Database\BaseConnection.php(606): CodeIgniter\Database\BaseConnection->simpleQuery('SELECT `data`\nF...')
#3 C:\xampp\htdocs\varient\system\Database\BaseBuilder.php(1616): CodeIgniter\Database\BaseConnection->query('SELECT `data`\nF...', Array, false)
#4 C:\xampp\htdocs\varient\system\Session\Handlers\DatabaseHandler.php(144): CodeIgniter\Database\BaseBuilder->get()
#5 [internal function]: CodeIgniter\Session\Handlers\DatabaseHandler->read('tmvi8sdfecpj0of...')
#6 C:\xampp\htdocs\varient\system\Session\Session.php(920): session_start()
#7 C:\xampp\htdocs\varient\system\Session\Session.php(250): CodeIgniter\Session\Session->startSession()
#8 C:\xampp\htdocs\varient\system\Config\Services.php(674): CodeIgniter\Session\Session->start()
#9 C:\xampp\htdocs\varient\system\Config\BaseService.php(252): CodeIgniter\Config\Services::session(Object(Config\App), false)
#10 C:\xampp\htdocs\varient\system\Config\BaseService.php(193): CodeIgniter\Config\BaseService::__callStatic('session', Array)
#11 C:\xampp\htdocs\varient\system\Config\Services.php(641): CodeIgniter\Config\BaseService::getSharedInstance('session', NULL)
#12 C:\xampp\htdocs\varient\system\Config\BaseService.php(252): CodeIgniter\Config\Services::session()
#13 C:\xampp\htdocs\varient\app\Config\Globals.php(29): CodeIgniter\Config\BaseService::__callStatic('session', Array)
#14 C:\xampp\htdocs\varient\app\Config\Globals.php(120): Config\Globals::setGlobals()
#15 C:\xampp\htdocs\varient\system\Autoloader\Autoloader.php(312): include_once('C:\\xampp\\htdocs...')
#16 C:\xampp\htdocs\varient\system\Autoloader\Autoloader.php(289): CodeIgniter\Autoloader\Autoloader->includeFile('C:\\xampp\\htdocs...')
#17 C:\xampp\htdocs\varient\system\Autoloader\Autoloader.php(267): CodeIgniter\Autoloader\Autoloader->loadInNamespace('Config\\Globals')
#18 C:\xampp\htdocs\varient\app\Config\Routes.php(7): CodeIgniter\Autoloader\Autoloader->loadClass('Config\\Globals')
#19 C:\xampp\htdocs\varient\system\Router\RouteCollection.php(267): require('C:\\xampp\\htdocs...')
#20 C:\xampp\htdocs\varient\system\CodeIgniter.php(800): CodeIgniter\Router\RouteCollection->loadRoutes()
#21 C:\xampp\htdocs\varient\system\CodeIgniter.php(447): CodeIgniter\CodeIgniter->tryToRouteIt(NULL)
#22 C:\xampp\htdocs\varient\system\CodeIgniter.php(366): CodeIgniter\CodeIgniter->handleRequest(NULL, Object(Config\Cache), false)
#23 C:\xampp\htdocs\varient\index.php(77): CodeIgniter\CodeIgniter->run()
#24 {main}
CRITICAL - 2024-03-01 19:19:24 --> Call to a member function getRow() on bool
in SYSTEMPATH\Session\Handlers\DatabaseHandler.php on line 144.
 1 [internal function]: CodeIgniter\Session\Handlers\DatabaseHandler->read('tmvi8sdfecpj0ofu89nb3gsmu3et0vvb')
 2 SYSTEMPATH\Session\Session.php(920): session_start()
 3 SYSTEMPATH\Session\Session.php(250): CodeIgniter\Session\Session->startSession()
 4 SYSTEMPATH\Config\Services.php(674): CodeIgniter\Session\Session->start()
 5 SYSTEMPATH\Config\BaseService.php(252): CodeIgniter\Config\Services::session(Object(Config\App), false)
 6 SYSTEMPATH\Config\BaseService.php(193): CodeIgniter\Config\BaseService::__callStatic('session', [...])
 7 SYSTEMPATH\Config\Services.php(641): CodeIgniter\Config\BaseService::getSharedInstance('session', null)
 8 SYSTEMPATH\Config\BaseService.php(252): CodeIgniter\Config\Services::session()
 9 APPPATH\Config\Globals.php(29): CodeIgniter\Config\BaseService::__callStatic('session', [])
10 APPPATH\Config\Globals.php(120): Config\Globals::setGlobals()
11 SYSTEMPATH\Autoloader\Autoloader.php(312): include_once('C:\\xampp\\htdocs\\varient\\app\\Config\\Globals.php')
12 SYSTEMPATH\Autoloader\Autoloader.php(289): CodeIgniter\Autoloader\Autoloader->includeFile('C:\\xampp\\htdocs\\varient\\app\\Config\\Globals.php')
13 SYSTEMPATH\Autoloader\Autoloader.php(267): CodeIgniter\Autoloader\Autoloader->loadInNamespace('Config\\Globals')
14 APPPATH\Config\Routes.php(7): CodeIgniter\Autoloader\Autoloader->loadClass('Config\\Globals')
15 SYSTEMPATH\Router\RouteCollection.php(267): require('C:\\xampp\\htdocs\\varient\\app\\Config\\Routes.php')
16 SYSTEMPATH\CodeIgniter.php(800): CodeIgniter\Router\RouteCollection->loadRoutes()
17 SYSTEMPATH\CodeIgniter.php(447): CodeIgniter\CodeIgniter->tryToRouteIt(null)
18 SYSTEMPATH\CodeIgniter.php(366): CodeIgniter\CodeIgniter->handleRequest(null, Object(Config\Cache), false)
19 FCPATH\index.php(77): CodeIgniter\CodeIgniter->run()
ERROR - 2024-03-01 19:19:24 --> mysqli_sql_exception: Table 'varient.ci_sessions' doesn't exist in C:\xampp\htdocs\varient\system\Database\MySQLi\Connection.php:295
Stack trace:
#0 C:\xampp\htdocs\varient\system\Database\MySQLi\Connection.php(295): mysqli->query('SELECT `data`\nF...', 0)
#1 C:\xampp\htdocs\varient\system\Database\BaseConnection.php(692): CodeIgniter\Database\MySQLi\Connection->execute('SELECT `data`\nF...')
#2 C:\xampp\htdocs\varient\system\Database\BaseConnection.php(606): CodeIgniter\Database\BaseConnection->simpleQuery('SELECT `data`\nF...')
#3 C:\xampp\htdocs\varient\system\Database\BaseBuilder.php(1616): CodeIgniter\Database\BaseConnection->query('SELECT `data`\nF...', Array, false)
#4 C:\xampp\htdocs\varient\system\Session\Handlers\DatabaseHandler.php(144): CodeIgniter\Database\BaseBuilder->get()
#5 [internal function]: CodeIgniter\Session\Handlers\DatabaseHandler->read('tmvi8sdfecpj0of...')
#6 C:\xampp\htdocs\varient\system\Session\Session.php(920): session_start()
#7 C:\xampp\htdocs\varient\system\Session\Session.php(250): CodeIgniter\Session\Session->startSession()
#8 C:\xampp\htdocs\varient\system\Config\Services.php(674): CodeIgniter\Session\Session->start()
#9 C:\xampp\htdocs\varient\system\Config\BaseService.php(252): CodeIgniter\Config\Services::session(Object(Config\App), false)
#10 C:\xampp\htdocs\varient\system\Config\BaseService.php(193): CodeIgniter\Config\BaseService::__callStatic('session', Array)
#11 C:\xampp\htdocs\varient\system\Config\Services.php(641): CodeIgniter\Config\BaseService::getSharedInstance('session', NULL)
#12 C:\xampp\htdocs\varient\system\Config\BaseService.php(252): CodeIgniter\Config\Services::session()
#13 C:\xampp\htdocs\varient\app\Config\Globals.php(29): CodeIgniter\Config\BaseService::__callStatic('session', Array)
#14 C:\xampp\htdocs\varient\app\Config\Globals.php(120): Config\Globals::setGlobals()
#15 C:\xampp\htdocs\varient\system\Autoloader\Autoloader.php(312): include_once('C:\\xampp\\htdocs...')
#16 C:\xampp\htdocs\varient\system\Autoloader\Autoloader.php(289): CodeIgniter\Autoloader\Autoloader->includeFile('C:\\xampp\\htdocs...')
#17 C:\xampp\htdocs\varient\system\Autoloader\Autoloader.php(267): CodeIgniter\Autoloader\Autoloader->loadInNamespace('Config\\Globals')
#18 C:\xampp\htdocs\varient\app\Config\Routes.php(7): CodeIgniter\Autoloader\Autoloader->loadClass('Config\\Globals')
#19 C:\xampp\htdocs\varient\system\Router\RouteCollection.php(267): require('C:\\xampp\\htdocs...')
#20 C:\xampp\htdocs\varient\system\CodeIgniter.php(800): CodeIgniter\Router\RouteCollection->loadRoutes()
#21 C:\xampp\htdocs\varient\system\CodeIgniter.php(447): CodeIgniter\CodeIgniter->tryToRouteIt(NULL)
#22 C:\xampp\htdocs\varient\system\CodeIgniter.php(366): CodeIgniter\CodeIgniter->handleRequest(NULL, Object(Config\Cache), false)
#23 C:\xampp\htdocs\varient\index.php(77): CodeIgniter\CodeIgniter->run()
#24 {main}
CRITICAL - 2024-03-01 19:19:24 --> Call to a member function getRow() on bool
in SYSTEMPATH\Session\Handlers\DatabaseHandler.php on line 144.
 1 [internal function]: CodeIgniter\Session\Handlers\DatabaseHandler->read('tmvi8sdfecpj0ofu89nb3gsmu3et0vvb')
 2 SYSTEMPATH\Session\Session.php(920): session_start()
 3 SYSTEMPATH\Session\Session.php(250): CodeIgniter\Session\Session->startSession()
 4 SYSTEMPATH\Config\Services.php(674): CodeIgniter\Session\Session->start()
 5 SYSTEMPATH\Config\BaseService.php(252): CodeIgniter\Config\Services::session(Object(Config\App), false)
 6 SYSTEMPATH\Config\BaseService.php(193): CodeIgniter\Config\BaseService::__callStatic('session', [...])
 7 SYSTEMPATH\Config\Services.php(641): CodeIgniter\Config\BaseService::getSharedInstance('session', null)
 8 SYSTEMPATH\Config\BaseService.php(252): CodeIgniter\Config\Services::session()
 9 APPPATH\Config\Globals.php(29): CodeIgniter\Config\BaseService::__callStatic('session', [])
10 APPPATH\Config\Globals.php(120): Config\Globals::setGlobals()
11 SYSTEMPATH\Autoloader\Autoloader.php(312): include_once('C:\\xampp\\htdocs\\varient\\app\\Config\\Globals.php')
12 SYSTEMPATH\Autoloader\Autoloader.php(289): CodeIgniter\Autoloader\Autoloader->includeFile('C:\\xampp\\htdocs\\varient\\app\\Config\\Globals.php')
13 SYSTEMPATH\Autoloader\Autoloader.php(267): CodeIgniter\Autoloader\Autoloader->loadInNamespace('Config\\Globals')
14 APPPATH\Config\Routes.php(7): CodeIgniter\Autoloader\Autoloader->loadClass('Config\\Globals')
15 SYSTEMPATH\Router\RouteCollection.php(267): require('C:\\xampp\\htdocs\\varient\\app\\Config\\Routes.php')
16 SYSTEMPATH\CodeIgniter.php(800): CodeIgniter\Router\RouteCollection->loadRoutes()
17 SYSTEMPATH\CodeIgniter.php(447): CodeIgniter\CodeIgniter->tryToRouteIt(null)
18 SYSTEMPATH\CodeIgniter.php(366): CodeIgniter\CodeIgniter->handleRequest(null, Object(Config\Cache), false)
19 FCPATH\index.php(77): CodeIgniter\CodeIgniter->run()
ERROR - 2024-03-01 19:19:50 --> mysqli_sql_exception: Table 'varient.ci_sessions' doesn't exist in C:\xampp\htdocs\varient\system\Database\MySQLi\Connection.php:295
Stack trace:
#0 C:\xampp\htdocs\varient\system\Database\MySQLi\Connection.php(295): mysqli->query('SELECT `data`\nF...', 0)
#1 C:\xampp\htdocs\varient\system\Database\BaseConnection.php(692): CodeIgniter\Database\MySQLi\Connection->execute('SELECT `data`\nF...')
#2 C:\xampp\htdocs\varient\system\Database\BaseConnection.php(606): CodeIgniter\Database\BaseConnection->simpleQuery('SELECT `data`\nF...')
#3 C:\xampp\htdocs\varient\system\Database\BaseBuilder.php(1616): CodeIgniter\Database\BaseConnection->query('SELECT `data`\nF...', Array, false)
#4 C:\xampp\htdocs\varient\system\Session\Handlers\DatabaseHandler.php(144): CodeIgniter\Database\BaseBuilder->get()
#5 [internal function]: CodeIgniter\Session\Handlers\DatabaseHandler->read('tmvi8sdfecpj0of...')
#6 C:\xampp\htdocs\varient\system\Session\Session.php(920): session_start()
#7 C:\xampp\htdocs\varient\system\Session\Session.php(250): CodeIgniter\Session\Session->startSession()
#8 C:\xampp\htdocs\varient\system\Config\Services.php(674): CodeIgniter\Session\Session->start()
#9 C:\xampp\htdocs\varient\system\Config\BaseService.php(252): CodeIgniter\Config\Services::session(Object(Config\App), false)
#10 C:\xampp\htdocs\varient\system\Config\BaseService.php(193): CodeIgniter\Config\BaseService::__callStatic('session', Array)
#11 C:\xampp\htdocs\varient\system\Config\Services.php(641): CodeIgniter\Config\BaseService::getSharedInstance('session', NULL)
#12 C:\xampp\htdocs\varient\system\Config\BaseService.php(252): CodeIgniter\Config\Services::session()
#13 C:\xampp\htdocs\varient\app\Config\Globals.php(29): CodeIgniter\Config\BaseService::__callStatic('session', Array)
#14 C:\xampp\htdocs\varient\app\Config\Globals.php(120): Config\Globals::setGlobals()
#15 C:\xampp\htdocs\varient\system\Autoloader\Autoloader.php(312): include_once('C:\\xampp\\htdocs...')
#16 C:\xampp\htdocs\varient\system\Autoloader\Autoloader.php(289): CodeIgniter\Autoloader\Autoloader->includeFile('C:\\xampp\\htdocs...')
#17 C:\xampp\htdocs\varient\system\Autoloader\Autoloader.php(267): CodeIgniter\Autoloader\Autoloader->loadInNamespace('Config\\Globals')
#18 C:\xampp\htdocs\varient\app\Config\Routes.php(7): CodeIgniter\Autoloader\Autoloader->loadClass('Config\\Globals')
#19 C:\xampp\htdocs\varient\system\Router\RouteCollection.php(267): require('C:\\xampp\\htdocs...')
#20 C:\xampp\htdocs\varient\system\CodeIgniter.php(800): CodeIgniter\Router\RouteCollection->loadRoutes()
#21 C:\xampp\htdocs\varient\system\CodeIgniter.php(447): CodeIgniter\CodeIgniter->tryToRouteIt(NULL)
#22 C:\xampp\htdocs\varient\system\CodeIgniter.php(366): CodeIgniter\CodeIgniter->handleRequest(NULL, Object(Config\Cache), false)
#23 C:\xampp\htdocs\varient\index.php(77): CodeIgniter\CodeIgniter->run()
#24 {main}
CRITICAL - 2024-03-01 19:19:50 --> Table 'varient.ci_sessions' doesn't exist
in SYSTEMPATH\Database\MySQLi\Connection.php on line 295.
 1 SYSTEMPATH\Database\MySQLi\Connection.php(295): mysqli->query('SELECT `data`
FROM `ci_sessions`
WHERE `id` = \'vr_session:tmvi8sdfecpj0ofu89nb3gsmu3et0vvb\'', 0)
 2 SYSTEMPATH\Database\BaseConnection.php(692): CodeIgniter\Database\MySQLi\Connection->execute('SELECT `data`
FROM `ci_sessions`
WHERE `id` = \'vr_session:tmvi8sdfecpj0ofu89nb3gsmu3et0vvb\'')
 3 SYSTEMPATH\Database\BaseConnection.php(606): CodeIgniter\Database\BaseConnection->simpleQuery('SELECT `data`
FROM `ci_sessions`
WHERE `id` = \'vr_session:tmvi8sdfecpj0ofu89nb3gsmu3et0vvb\'')
 4 SYSTEMPATH\Database\BaseBuilder.php(1616): CodeIgniter\Database\BaseConnection->query('SELECT `data`
FROM `ci_sessions`
WHERE `id` = :id:', [...], false)
 5 SYSTEMPATH\Session\Handlers\DatabaseHandler.php(144): CodeIgniter\Database\BaseBuilder->get()
 6 [internal function]: CodeIgniter\Session\Handlers\DatabaseHandler->read('tmvi8sdfecpj0ofu89nb3gsmu3et0vvb')
 7 SYSTEMPATH\Session\Session.php(920): session_start()
 8 SYSTEMPATH\Session\Session.php(250): CodeIgniter\Session\Session->startSession()
 9 SYSTEMPATH\Config\Services.php(674): CodeIgniter\Session\Session->start()
10 SYSTEMPATH\Config\BaseService.php(252): CodeIgniter\Config\Services::session(Object(Config\App), false)
11 SYSTEMPATH\Config\BaseService.php(193): CodeIgniter\Config\BaseService::__callStatic('session', [...])
12 SYSTEMPATH\Config\Services.php(641): CodeIgniter\Config\BaseService::getSharedInstance('session', null)
13 SYSTEMPATH\Config\BaseService.php(252): CodeIgniter\Config\Services::session()
14 APPPATH\Config\Globals.php(29): CodeIgniter\Config\BaseService::__callStatic('session', [])
15 APPPATH\Config\Globals.php(120): Config\Globals::setGlobals()
16 SYSTEMPATH\Autoloader\Autoloader.php(312): include_once('C:\\xampp\\htdocs\\varient\\app\\Config\\Globals.php')
17 SYSTEMPATH\Autoloader\Autoloader.php(289): CodeIgniter\Autoloader\Autoloader->includeFile('C:\\xampp\\htdocs\\varient\\app\\Config\\Globals.php')
18 SYSTEMPATH\Autoloader\Autoloader.php(267): CodeIgniter\Autoloader\Autoloader->loadInNamespace('Config\\Globals')
19 APPPATH\Config\Routes.php(7): CodeIgniter\Autoloader\Autoloader->loadClass('Config\\Globals')
20 SYSTEMPATH\Router\RouteCollection.php(267): require('C:\\xampp\\htdocs\\varient\\app\\Config\\Routes.php')
21 SYSTEMPATH\CodeIgniter.php(800): CodeIgniter\Router\RouteCollection->loadRoutes()
22 SYSTEMPATH\CodeIgniter.php(447): CodeIgniter\CodeIgniter->tryToRouteIt(null)
23 SYSTEMPATH\CodeIgniter.php(366): CodeIgniter\CodeIgniter->handleRequest(null, Object(Config\Cache), false)
24 FCPATH\index.php(77): CodeIgniter\CodeIgniter->run()
